<?xml version="1.0" encoding="UTF-8"?>
<testsuite name="User unit test" tests="18" skipped="0" failures="1" errors="0" timestamp="2020-09-14T14:07:31" hostname="PCSE07195" time="0.072">
  <properties/>
  <testcase name="buildDisplayName_ValidDisplayName_BuildsUser()" classname="org.owasp.securityshepherd.test.model.UserTest" time="0.001"/>
  <testcase name="withNotBanned_ValidBoolean_ChangesIsAdmin()" classname="org.owasp.securityshepherd.test.model.UserTest" time="0.001"/>
  <testcase name="build_DisplayNameNotGiven_ThrowsNullPointerException()" classname="org.owasp.securityshepherd.test.model.UserTest" time="0.014"/>
  <testcase name="toString_ValidData_AsExpected()" classname="org.owasp.securityshepherd.test.model.UserTest" time="0.001"/>
  <testcase name="buildDisplayName_NullDisplayName_ThrowsNullPointerException()" classname="org.owasp.securityshepherd.test.model.UserTest" time="0.033"/>
  <testcase name="buildId_ValidId_BuildsUser()" classname="org.owasp.securityshepherd.test.model.UserTest" time="0.0"/>
  <testcase name="userBuilderToString_ValidData_AsExpected()" classname="org.owasp.securityshepherd.test.model.UserTest" time="0.0"/>
  <testcase name="withDisplayName_ValidDisplayName_ChangesDisplayName()" classname="org.owasp.securityshepherd.test.model.UserTest" time="0.0"/>
  <testcase name="buildAccountCreated_ValidTime_BuildsUser()" classname="org.owasp.securityshepherd.test.model.UserTest" time="0.0"/>
  <testcase name="withId_ValidId_ChangesId()" classname="org.owasp.securityshepherd.test.model.UserTest" time="0.0"/>
  <testcase name="withAccountCreated_ValidTime_ChangesAccountCreationTime()" classname="org.owasp.securityshepherd.test.model.UserTest" time="0.0"/>
  <testcase name="buildClassId_ValidClassId_BuildsUser()" classname="org.owasp.securityshepherd.test.model.UserTest" time="0.001"/>
  <testcase name="withEmail_ValidEmail_ChangesEmail()" classname="org.owasp.securityshepherd.test.model.UserTest" time="0.001"/>
  <testcase name="withKey_ValidKey_ChangesKey()" classname="org.owasp.securityshepherd.test.model.UserTest" time="0.001"/>
  <testcase name="buildIsNotBanned_ValidBoolean_BuildsUser()" classname="org.owasp.securityshepherd.test.model.UserTest" time="0.001"/>
  <testcase name="withDisplayName_NullDisplayName_ThrowsNullPointerException()" classname="org.owasp.securityshepherd.test.model.UserTest" time="0.001"/>
  <testcase name="withClassId_ValidClassId_ChangesClassId()" classname="org.owasp.securityshepherd.test.model.UserTest" time="0.001"/>
  <testcase name="equals_EqualsVerifier_AsExpected()" classname="org.owasp.securityshepherd.test.model.UserTest" time="0.002">
    <failure message="java.lang.NoClassDefFoundError: lombok/NonNull" type="java.lang.NoClassDefFoundError">java.lang.NoClassDefFoundError: lombok/NonNull
	at org.owasp.securityshepherd.test.model.UserTest.equals_EqualsVerifier_AsExpected(UserTest.java:98)
	at sun.reflect.NativeMethodAccessorImpl.invoke0(Native Method)
	at sun.reflect.NativeMethodAccessorImpl.invoke(NativeMethodAccessorImpl.java:62)
	at sun.reflect.DelegatingMethodAccessorImpl.invoke(DelegatingMethodAccessorImpl.java:43)
	at java.lang.reflect.Method.invoke(Method.java:498)
	at org.junit.platform.commons.util.ReflectionUtils.invokeMethod(ReflectionUtils.java:686)
	at org.junit.jupiter.engine.execution.MethodInvocation.proceed(MethodInvocation.java:60)
	at org.junit.jupiter.engine.execution.InvocationInterceptorChain$ValidatingInvocation.proceed(InvocationInterceptorChain.java:131)
	at org.junit.jupiter.engine.extension.TimeoutExtension.intercept(TimeoutExtension.java:149)
	at org.junit.jupiter.engine.extension.TimeoutExtension.interceptTestableMethod(TimeoutExtension.java:140)
	at org.junit.jupiter.engine.extension.TimeoutExtension.interceptTestMethod(TimeoutExtension.java:84)
	at org.junit.jupiter.engine.execution.ExecutableInvoker$ReflectiveInterceptorCall.lambda$ofVoidMethod$0(ExecutableInvoker.java:115)
	at org.junit.jupiter.engine.execution.ExecutableInvoker.lambda$invoke$0(ExecutableInvoker.java:105)
	at org.junit.jupiter.engine.execution.InvocationInterceptorChain$InterceptedInvocation.proceed(InvocationInterceptorChain.java:106)
	at org.junit.jupiter.engine.execution.InvocationInterceptorChain.proceed(InvocationInterceptorChain.java:64)
	at org.junit.jupiter.engine.execution.InvocationInterceptorChain.chainAndInvoke(InvocationInterceptorChain.java:45)
	at org.junit.jupiter.engine.execution.InvocationInterceptorChain.invoke(InvocationInterceptorChain.java:37)
	at org.junit.jupiter.engine.execution.ExecutableInvoker.invoke(ExecutableInvoker.java:104)
	at org.junit.jupiter.engine.execution.ExecutableInvoker.invoke(ExecutableInvoker.java:98)
	at org.junit.jupiter.engine.descriptor.TestMethodTestDescriptor.lambda$invokeTestMethod$6(TestMethodTestDescriptor.java:205)
	at org.junit.platform.engine.support.hierarchical.ThrowableCollector.execute(ThrowableCollector.java:73)
	at org.junit.jupiter.engine.descriptor.TestMethodTestDescriptor.invokeTestMethod(TestMethodTestDescriptor.java:201)
	at org.junit.jupiter.engine.descriptor.TestMethodTestDescriptor.execute(TestMethodTestDescriptor.java:137)
	at org.junit.jupiter.engine.descriptor.TestMethodTestDescriptor.execute(TestMethodTestDescriptor.java:71)
	at org.junit.platform.engine.support.hierarchical.NodeTestTask.lambda$executeRecursively$5(NodeTestTask.java:135)
	at org.junit.platform.engine.support.hierarchical.ThrowableCollector.execute(ThrowableCollector.java:73)
	at org.junit.platform.engine.support.hierarchical.NodeTestTask.lambda$executeRecursively$7(NodeTestTask.java:125)
	at org.junit.platform.engine.support.hierarchical.Node.around(Node.java:135)
	at org.junit.platform.engine.support.hierarchical.NodeTestTask.lambda$executeRecursively$8(NodeTestTask.java:123)
	at org.junit.platform.engine.support.hierarchical.ThrowableCollector.execute(ThrowableCollector.java:73)
	at org.junit.platform.engine.support.hierarchical.NodeTestTask.executeRecursively(NodeTestTask.java:122)
	at org.junit.platform.engine.support.hierarchical.NodeTestTask.execute(NodeTestTask.java:80)
	at org.junit.platform.engine.support.hierarchical.ForkJoinPoolHierarchicalTestExecutorService$ExclusiveTask.compute(ForkJoinPoolHierarchicalTestExecutorService.java:171)
	at java.util.concurrent.RecursiveAction.exec(RecursiveAction.java:189)
	at java.util.concurrent.ForkJoinTask.doExec(ForkJoinTask.java:289)
	at java.util.concurrent.ForkJoinTask.doJoin(ForkJoinTask.java:389)
	at java.util.concurrent.ForkJoinTask.join(ForkJoinTask.java:719)
	at org.junit.platform.engine.support.hierarchical.ForkJoinPoolHierarchicalTestExecutorService.joinConcurrentTasksInReverseOrderToEnableWorkStealing(ForkJoinPoolHierarchicalTestExecutorService.java:148)
	at org.junit.platform.engine.support.hierarchical.ForkJoinPoolHierarchicalTestExecutorService.invokeAll(ForkJoinPoolHierarchicalTestExecutorService.java:122)
	at org.junit.platform.engine.support.hierarchical.NodeTestTask.lambda$executeRecursively$5(NodeTestTask.java:139)
	at org.junit.platform.engine.support.hierarchical.ThrowableCollector.execute(ThrowableCollector.java:73)
	at org.junit.platform.engine.support.hierarchical.NodeTestTask.lambda$executeRecursively$7(NodeTestTask.java:125)
	at org.junit.platform.engine.support.hierarchical.Node.around(Node.java:135)
	at org.junit.platform.engine.support.hierarchical.NodeTestTask.lambda$executeRecursively$8(NodeTestTask.java:123)
	at org.junit.platform.engine.support.hierarchical.ThrowableCollector.execute(ThrowableCollector.java:73)
	at org.junit.platform.engine.support.hierarchical.NodeTestTask.executeRecursively(NodeTestTask.java:122)
	at org.junit.platform.engine.support.hierarchical.NodeTestTask.execute(NodeTestTask.java:80)
	at org.junit.platform.engine.support.hierarchical.ForkJoinPoolHierarchicalTestExecutorService$ExclusiveTask.compute(ForkJoinPoolHierarchicalTestExecutorService.java:171)
	at java.util.concurrent.RecursiveAction.exec(RecursiveAction.java:189)
	at java.util.concurrent.ForkJoinTask.doExec(ForkJoinTask.java:289)
	at java.util.concurrent.ForkJoinPool$WorkQueue.runTask(ForkJoinPool.java:1056)
	at java.util.concurrent.ForkJoinPool.runWorker(ForkJoinPool.java:1692)
	at java.util.concurrent.ForkJoinWorkerThread.run(ForkJoinWorkerThread.java:157)
Caused by: java.lang.ClassNotFoundException: lombok.NonNull
	at java.net.URLClassLoader.findClass(URLClassLoader.java:382)
	at java.lang.ClassLoader.loadClass(ClassLoader.java:424)
	at sun.misc.Launcher$AppClassLoader.loadClass(Launcher.java:349)
	at java.lang.ClassLoader.loadClass(ClassLoader.java:357)
	... 53 more
</failure>
  </testcase>
  <system-out><![CDATA[]]></system-out>
  <system-err><![CDATA[]]></system-err>
</testsuite>
