<?xml version="1.0" encoding="UTF-8"?>
<testsuite name="SubmissionService unit test" tests="22" skipped="0" failures="0" errors="0" timestamp="2020-09-14T14:07:41" hostname="PCSE07195" time="1.471">
  <properties/>
  <testcase name="submit_ModuleAlreadySolvedByUser_ReturnsModuleAlreadySolvedException()" classname="org.owasp.securityshepherd.test.service.SubmissonServiceTest" time="1.343"/>
  <testcase name="submit_InvalidFlag_ReturnsInvalidSubmission()" classname="org.owasp.securityshepherd.test.service.SubmissonServiceTest" time="0.006"/>
  <testcase name="submit_InvalidUserId_ReturnsInvalidUserIdException()" classname="org.owasp.securityshepherd.test.service.SubmissonServiceTest" time="0.174"/>
  <testcase name="findAllValidIdsByUserId_NoSubmissionsExist_ReturnsEmpty()" classname="org.owasp.securityshepherd.test.service.SubmissonServiceTest" time="0.091"/>
  <testcase name="findAllValidByUserId_InvalidUserId_ReturnsInvalidUserIdException()" classname="org.owasp.securityshepherd.test.service.SubmissonServiceTest" time="0.007"/>
  <testcase name="findAllValidByUserIdAndModuleId_InvalidUserId_ReturnsInvalidUserIdException()" classname="org.owasp.securityshepherd.test.service.SubmissonServiceTest" time="0.003"/>
  <testcase name="findAllByModuleId_SubmissionsExist_ReturnsSubmissions()" classname="org.owasp.securityshepherd.test.service.SubmissonServiceTest" time="1.345"/>
  <testcase name="findAllByModuleId_InvalidModuleId_ReturnsInvalidModuleIdException()" classname="org.owasp.securityshepherd.test.service.SubmissonServiceTest" time="0.002"/>
  <testcase name="submitValid_ModuleAlreadySolvedByUser_ReturnsModuleAlreadySolvedException()" classname="org.owasp.securityshepherd.test.service.SubmissonServiceTest" time="0.003"/>
  <testcase name="findAllByModuleId_NoSubmissionsExist_ReturnsEmpty()" classname="org.owasp.securityshepherd.test.service.SubmissonServiceTest" time="0.001"/>
  <testcase name="submitValid_ModuleNotAlreadySolved_ReturnsValidSubmission()" classname="org.owasp.securityshepherd.test.service.SubmissonServiceTest" time="0.015"/>
  <testcase name="findAllValidByUserId_SubmissionsExist_ReturnsSubmissions()" classname="org.owasp.securityshepherd.test.service.SubmissonServiceTest" time="0.002"/>
  <testcase name="findAllValidByUserIdAndModuleId_InvalidModuleId_ReturnsInvalidUserIdException()" classname="org.owasp.securityshepherd.test.service.SubmissonServiceTest" time="0.003"/>
  <testcase name="findAllValidByUserIdAndModuleId_NoSubmissionsExist_ReturnsEmpty()" classname="org.owasp.securityshepherd.test.service.SubmissonServiceTest" time="0.003"/>
  <testcase name="submit_InvalidModuleId_ReturnsInvalidUserIdException()" classname="org.owasp.securityshepherd.test.service.SubmissonServiceTest" time="0.004"/>
  <testcase name="submitValid_InvalidModuleId_ReturnsInvalidUserIdException()" classname="org.owasp.securityshepherd.test.service.SubmissonServiceTest" time="0.004"/>
  <testcase name="findAllValidIdsByUserId_InvalidUserId_ReturnsInvalidUserIdException()" classname="org.owasp.securityshepherd.test.service.SubmissonServiceTest" time="0.003"/>
  <testcase name="submitValid_InvalidUserId_ReturnsInvalidUserIdException()" classname="org.owasp.securityshepherd.test.service.SubmissonServiceTest" time="0.003"/>
  <testcase name="findAllValidByUserId_NoSubmissionsExist_ReturnsEmpty()" classname="org.owasp.securityshepherd.test.service.SubmissonServiceTest" time="0.001"/>
  <testcase name="findAllValidByUserIdAndModuleId_SubmissionsExist_ReturnsSubmissions()" classname="org.owasp.securityshepherd.test.service.SubmissonServiceTest" time="0.001"/>
  <testcase name="findAllValidIdsByUserId_SubmissionsExist_ReturnsSubmissions()" classname="org.owasp.securityshepherd.test.service.SubmissonServiceTest" time="0.003"/>
  <testcase name="submit_ValidFlag_ReturnsValidSubmission()" classname="org.owasp.securityshepherd.test.service.SubmissonServiceTest" time="0.006"/>
  <system-out><![CDATA[16:07:41.684 [ForkJoinPool-1-worker-0] DEBUG reactor.core.publisher.Hooks - Enabling stacktrace debugging via onOperatorDebug
16:07:41.707 [ForkJoinPool-1-worker-5] INFO org.owasp.securityshepherd.module.ModuleService - Creating new module with name TestModule and url test-module
16:07:43.119 [ForkJoinPool-1-worker-3] INFO org.owasp.securityshepherd.module.sqlinjection.SqlInjectionTutorial - Creating sql tutorial module
]]></system-out>
  <system-err><![CDATA[java.lang.instrument.IllegalClassFormatException: Error while instrumenting com/gargoylesoftware/htmlunit/javascript/host/css/StyleAttributes$Definition.
	at org.jacoco.agent.rt.internal_43f5073.CoverageTransformer.transform(CoverageTransformer.java:94)
	at sun.instrument.TransformerManager.transform(TransformerManager.java:188)
	at sun.instrument.InstrumentationImpl.transform(InstrumentationImpl.java:428)
	at java.lang.ClassLoader.defineClass1(Native Method)
	at java.lang.ClassLoader.defineClass(ClassLoader.java:763)
	at java.security.SecureClassLoader.defineClass(SecureClassLoader.java:142)
	at java.net.URLClassLoader.defineClass(URLClassLoader.java:468)
	at java.net.URLClassLoader.access$100(URLClassLoader.java:74)
	at java.net.URLClassLoader$1.run(URLClassLoader.java:369)
	at java.net.URLClassLoader$1.run(URLClassLoader.java:363)
	at java.security.AccessController.doPrivileged(Native Method)
	at java.net.URLClassLoader.findClass(URLClassLoader.java:362)
	at java.lang.ClassLoader.loadClass(ClassLoader.java:424)
	at sun.misc.Launcher$AppClassLoader.loadClass(Launcher.java:349)
	at java.lang.ClassLoader.loadClass(ClassLoader.java:357)
	at java.lang.Class.getDeclaredMethods0(Native Method)
	at java.lang.Class.privateGetDeclaredMethods(Class.java:2701)
	at java.lang.Class.getDeclaredMethods(Class.java:1975)
	at com.gargoylesoftware.htmlunit.javascript.configuration.AbstractJavaScriptConfiguration.process(AbstractJavaScriptConfiguration.java:229)
	at com.gargoylesoftware.htmlunit.javascript.configuration.AbstractJavaScriptConfiguration.getClassConfiguration(AbstractJavaScriptConfiguration.java:207)
	at com.gargoylesoftware.htmlunit.javascript.configuration.AbstractJavaScriptConfiguration.buildUsageMap(AbstractJavaScriptConfiguration.java:85)
	at com.gargoylesoftware.htmlunit.javascript.configuration.AbstractJavaScriptConfiguration.<init>(AbstractJavaScriptConfiguration.java:65)
	at com.gargoylesoftware.htmlunit.javascript.configuration.JavaScriptConfiguration.<init>(JavaScriptConfiguration.java:604)
	at com.gargoylesoftware.htmlunit.javascript.configuration.JavaScriptConfiguration.getInstance(JavaScriptConfiguration.java:620)
	at com.gargoylesoftware.htmlunit.javascript.JavaScriptEngine.<init>(JavaScriptEngine.java:146)
	at com.gargoylesoftware.htmlunit.WebClient.<init>(WebClient.java:266)
	at com.gargoylesoftware.htmlunit.WebClient.<init>(WebClient.java:240)
	at com.gargoylesoftware.htmlunit.WebClient.<init>(WebClient.java:230)
	at com.gargoylesoftware.htmlunit.WebClient.<init>(WebClient.java:222)
	at org.owasp.securityshepherd.module.xss.XssWebClientFactory.createWebClient(XssWebClientFactory.java:26)
	at org.owasp.securityshepherd.test.module.xss.XssWebClientFactoryTest.createWebClient_ReturnsWebClient(XssWebClientFactoryTest.java:41)
	at sun.reflect.NativeMethodAccessorImpl.invoke0(Native Method)
	at sun.reflect.NativeMethodAccessorImpl.invoke(NativeMethodAccessorImpl.java:62)
	at sun.reflect.DelegatingMethodAccessorImpl.invoke(DelegatingMethodAccessorImpl.java:43)
	at java.lang.reflect.Method.invoke(Method.java:498)
	at org.junit.platform.commons.util.ReflectionUtils.invokeMethod(ReflectionUtils.java:686)
	at org.junit.jupiter.engine.execution.MethodInvocation.proceed(MethodInvocation.java:60)
	at org.junit.jupiter.engine.execution.InvocationInterceptorChain$ValidatingInvocation.proceed(InvocationInterceptorChain.java:131)
	at org.junit.jupiter.engine.extension.TimeoutExtension.intercept(TimeoutExtension.java:149)
	at org.junit.jupiter.engine.extension.TimeoutExtension.interceptTestableMethod(TimeoutExtension.java:140)
	at org.junit.jupiter.engine.extension.TimeoutExtension.interceptTestMethod(TimeoutExtension.java:84)
	at org.junit.jupiter.engine.execution.ExecutableInvoker$ReflectiveInterceptorCall.lambda$ofVoidMethod$0(ExecutableInvoker.java:115)
	at org.junit.jupiter.engine.execution.ExecutableInvoker.lambda$invoke$0(ExecutableInvoker.java:105)
	at org.junit.jupiter.engine.execution.InvocationInterceptorChain$InterceptedInvocation.proceed(InvocationInterceptorChain.java:106)
	at org.junit.jupiter.engine.execution.InvocationInterceptorChain.proceed(InvocationInterceptorChain.java:64)
	at org.junit.jupiter.engine.execution.InvocationInterceptorChain.chainAndInvoke(InvocationInterceptorChain.java:45)
	at org.junit.jupiter.engine.execution.InvocationInterceptorChain.invoke(InvocationInterceptorChain.java:37)
	at org.junit.jupiter.engine.execution.ExecutableInvoker.invoke(ExecutableInvoker.java:104)
	at org.junit.jupiter.engine.execution.ExecutableInvoker.invoke(ExecutableInvoker.java:98)
	at org.junit.jupiter.engine.descriptor.TestMethodTestDescriptor.lambda$invokeTestMethod$6(TestMethodTestDescriptor.java:205)
	at org.junit.platform.engine.support.hierarchical.ThrowableCollector.execute(ThrowableCollector.java:73)
	at org.junit.jupiter.engine.descriptor.TestMethodTestDescriptor.invokeTestMethod(TestMethodTestDescriptor.java:201)
	at org.junit.jupiter.engine.descriptor.TestMethodTestDescriptor.execute(TestMethodTestDescriptor.java:137)
	at org.junit.jupiter.engine.descriptor.TestMethodTestDescriptor.execute(TestMethodTestDescriptor.java:71)
	at org.junit.platform.engine.support.hierarchical.NodeTestTask.lambda$executeRecursively$5(NodeTestTask.java:135)
	at org.junit.platform.engine.support.hierarchical.ThrowableCollector.execute(ThrowableCollector.java:73)
	at org.junit.platform.engine.support.hierarchical.NodeTestTask.lambda$executeRecursively$7(NodeTestTask.java:125)
	at org.junit.platform.engine.support.hierarchical.Node.around(Node.java:135)
	at org.junit.platform.engine.support.hierarchical.NodeTestTask.lambda$executeRecursively$8(NodeTestTask.java:123)
	at org.junit.platform.engine.support.hierarchical.ThrowableCollector.execute(ThrowableCollector.java:73)
	at org.junit.platform.engine.support.hierarchical.NodeTestTask.executeRecursively(NodeTestTask.java:122)
	at org.junit.platform.engine.support.hierarchical.NodeTestTask.execute(NodeTestTask.java:80)
	at org.junit.platform.engine.support.hierarchical.ForkJoinPoolHierarchicalTestExecutorService$ExclusiveTask.compute(ForkJoinPoolHierarchicalTestExecutorService.java:171)
	at java.util.concurrent.RecursiveAction.exec(RecursiveAction.java:189)
	at java.util.concurrent.ForkJoinTask.doExec(ForkJoinTask.java:289)
	at java.util.concurrent.ForkJoinTask.doJoin(ForkJoinTask.java:389)
	at java.util.concurrent.ForkJoinTask.join(ForkJoinTask.java:719)
	at org.junit.platform.engine.support.hierarchical.ForkJoinPoolHierarchicalTestExecutorService.joinConcurrentTasksInReverseOrderToEnableWorkStealing(ForkJoinPoolHierarchicalTestExecutorService.java:148)
	at org.junit.platform.engine.support.hierarchical.ForkJoinPoolHierarchicalTestExecutorService.invokeAll(ForkJoinPoolHierarchicalTestExecutorService.java:122)
	at org.junit.platform.engine.support.hierarchical.NodeTestTask.lambda$executeRecursively$5(NodeTestTask.java:139)
	at org.junit.platform.engine.support.hierarchical.ThrowableCollector.execute(ThrowableCollector.java:73)
	at org.junit.platform.engine.support.hierarchical.NodeTestTask.lambda$executeRecursively$7(NodeTestTask.java:125)
	at org.junit.platform.engine.support.hierarchical.Node.around(Node.java:135)
	at org.junit.platform.engine.support.hierarchical.NodeTestTask.lambda$executeRecursively$8(NodeTestTask.java:123)
	at org.junit.platform.engine.support.hierarchical.ThrowableCollector.execute(ThrowableCollector.java:73)
	at org.junit.platform.engine.support.hierarchical.NodeTestTask.executeRecursively(NodeTestTask.java:122)
	at org.junit.platform.engine.support.hierarchical.NodeTestTask.execute(NodeTestTask.java:80)
	at org.junit.platform.engine.support.hierarchical.ForkJoinPoolHierarchicalTestExecutorService$ExclusiveTask.compute(ForkJoinPoolHierarchicalTestExecutorService.java:171)
	at java.util.concurrent.RecursiveAction.exec(RecursiveAction.java:189)
	at java.util.concurrent.ForkJoinTask.doExec(ForkJoinTask.java:289)
	at java.util.concurrent.ForkJoinPool$WorkQueue.runTask(ForkJoinPool.java:1056)
	at java.util.concurrent.ForkJoinPool.runWorker(ForkJoinPool.java:1692)
	at java.util.concurrent.ForkJoinWorkerThread.run(ForkJoinWorkerThread.java:157)
Caused by: java.io.IOException: Error while instrumenting com/gargoylesoftware/htmlunit/javascript/host/css/StyleAttributes$Definition.
	at org.jacoco.agent.rt.internal_43f5073.core.instr.Instrumenter.instrumentError(Instrumenter.java:159)
	at org.jacoco.agent.rt.internal_43f5073.core.instr.Instrumenter.instrument(Instrumenter.java:109)
	at org.jacoco.agent.rt.internal_43f5073.CoverageTransformer.transform(CoverageTransformer.java:92)
	... 82 more
Caused by: org.jacoco.agent.rt.internal_43f5073.asm.MethodTooLargeException: Method too large: com/gargoylesoftware/htmlunit/javascript/host/css/StyleAttributes$Definition.<clinit> ()V
	at org.jacoco.agent.rt.internal_43f5073.asm.MethodWriter.computeMethodInfoSize(MethodWriter.java:2087)
	at org.jacoco.agent.rt.internal_43f5073.asm.ClassWriter.toByteArray(ClassWriter.java:447)
	at org.jacoco.agent.rt.internal_43f5073.core.instr.Instrumenter.instrument(Instrumenter.java:90)
	at org.jacoco.agent.rt.internal_43f5073.core.instr.Instrumenter.instrument(Instrumenter.java:107)
	... 83 more
]]></system-err>
</testsuite>
